# JRE version: OpenJDK Runtime Environment (8.0_242-b01) (build 1.8.0_242-release-1644-b01)
# Java VM: OpenJDK 64-Bit Server VM (25.242-b01 mixed mode windows-amd64 compressed oops)
Heap:
 PSYoungGen      total 41472K, used 18073K [0x00000000d5580000, 0x00000000d8a00000, 0x0000000100000000)
  eden space 31744K, 56% used [0x00000000d5580000,0x00000000d6726680,0x00000000d7480000)
  from space 9728K, 0% used [0x00000000d7f00000,0x00000000d7f00000,0x00000000d8880000)
  to   space 10752K, 0% used [0x00000000d7480000,0x00000000d7480000,0x00000000d7f00000)
 ParOldGen       total 60928K, used 9046K [0x0000000080000000, 0x0000000083b80000, 0x00000000d5580000)
  object space 60928K, 14% used [0x0000000080000000,0x00000000808d5840,0x0000000083b80000)
 Metaspace       used 21538K, capacity 22236K, committed 22528K, reserved 1069056K
  class space    used 3030K, capacity 3234K, committed 3328K, reserved 1048576K
GC Heap History (10 events):
Event: 8.880 GC heap before
{Heap before GC invocations=3 (full 0):
 PSYoungGen      total 38400K, used 36625K [0x00000000d5580000, 0x00000000d8000000, 0x0000000100000000)
  eden space 33280K, 100% used [0x00000000d5580000,0x00000000d7600000,0x00000000d7600000)
  from space 5120K, 65% used [0x00000000d7b00000,0x00000000d7e445f8,0x00000000d8000000)
  to   space 5120K, 0% used [0x00000000d7600000,0x00000000d7600000,0x00000000d7b00000)
 ParOldGen       total 87552K, used 24K [0x0000000080000000, 0x0000000085580000, 0x00000000d5580000)
  object space 87552K, 0% used [0x0000000080000000,0x0000000080006000,0x0000000085580000)
 Metaspace       used 12132K, capacity 12444K, committed 12544K, reserved 1060864K
  class space    used 1612K, capacity 1726K, committed 1792K, reserved 1048576K
Event: 8.893 GC heap after
Heap after GC invocations=3 (full 0):
 PSYoungGen      total 38400K, used 5104K [0x00000000d5580000, 0x00000000d8000000, 0x0000000100000000)
  eden space 33280K, 0% used [0x00000000d5580000,0x00000000d5580000,0x00000000d7600000)
  from space 5120K, 99% used [0x00000000d7600000,0x00000000d7afc030,0x00000000d7b00000)
  to   space 5120K, 0% used [0x00000000d7b00000,0x00000000d7b00000,0x00000000d8000000)
 ParOldGen       total 87552K, used 1033K [0x0000000080000000, 0x0000000085580000, 0x00000000d5580000)
  object space 87552K, 1% used [0x0000000080000000,0x0000000080102668,0x0000000085580000)
 Metaspace       used 12132K, capacity 12444K, committed 12544K, reserved 1060864K
  class space    used 1612K, capacity 1726K, committed 1792K, reserved 1048576K
}
Event: 10.147 GC heap before
{Heap before GC invocations=4 (full 0):
 PSYoungGen      total 38400K, used 38384K [0x00000000d5580000, 0x00000000d8000000, 0x0000000100000000)
  eden space 33280K, 100% used [0x00000000d5580000,0x00000000d7600000,0x00000000d7600000)
  from space 5120K, 99% used [0x00000000d7600000,0x00000000d7afc030,0x00000000d7b00000)
  to   space 5120K, 0% used [0x00000000d7b00000,0x00000000d7b00000,0x00000000d8000000)
 ParOldGen       total 87552K, used 1033K [0x0000000080000000, 0x0000000085580000, 0x00000000d5580000)
  object space 87552K, 1% used [0x0000000080000000,0x0000000080102668,0x0000000085580000)
 Metaspace       used 15257K, capacity 15734K, committed 16000K, reserved 1062912K
  class space    used 2008K, capacity 2153K, committed 2176K, reserved 1048576K
Event: 10.164 GC heap after
Heap after GC invocations=4 (full 0):
 PSYoungGen      total 38400K, used 5088K [0x00000000d5580000, 0x00000000d8000000, 0x0000000100000000)
  eden space 33280K, 0% used [0x00000000d5580000,0x00000000d5580000,0x00000000d7600000)
  from space 5120K, 99% used [0x00000000d7b00000,0x00000000d7ff8200,0x00000000d8000000)
  to   space 5120K, 0% used [0x00000000d7600000,0x00000000d7600000,0x00000000d7b00000)
 ParOldGen       total 87552K, used 3317K [0x0000000080000000, 0x0000000085580000, 0x00000000d5580000)
  object space 87552K, 3% used [0x0000000080000000,0x000000008033d5d8,0x0000000085580000)
 Metaspace       used 15257K, capacity 15734K, committed 16000K, reserved 1062912K
  class space    used 2008K, capacity 2153K, committed 2176K, reserved 1048576K
}
Event: 13.496 GC heap before
{Heap before GC invocations=5 (full 0):
 PSYoungGen      total 38400K, used 38368K [0x00000000d5580000, 0x00000000d8000000, 0x0000000100000000)
  eden space 33280K, 100% used [0x00000000d5580000,0x00000000d7600000,0x00000000d7600000)
  from space 5120K, 99% used [0x00000000d7b00000,0x00000000d7ff8200,0x00000000d8000000)
  to   space 5120K, 0% used [0x00000000d7600000,0x00000000d7600000,0x00000000d7b00000)
 ParOldGen       total 87552K, used 3317K [0x0000000080000000, 0x0000000085580000, 0x00000000d5580000)
  object space 87552K, 3% used [0x0000000080000000,0x000000008033d5d8,0x0000000085580000)
 Metaspace       used 17757K, capacity 18372K, committed 18560K, reserved 1064960K
  class space    used 2429K, capacity 2628K, committed 2688K, reserved 1048576K
Event: 13.517 GC heap after
Heap after GC invocations=5 (full 0):
 PSYoungGen      total 37888K, used 5088K [0x00000000d5580000, 0x00000000d8880000, 0x0000000100000000)
  eden space 32768K, 0% used [0x00000000d5580000,0x00000000d5580000,0x00000000d7580000)
  from space 5120K, 99% used [0x00000000d7600000,0x00000000d7af8040,0x00000000d7b00000)
  to   space 9728K, 0% used [0x00000000d7f00000,0x00000000d7f00000,0x00000000d8880000)
 ParOldGen       total 87552K, used 6387K [0x0000000080000000, 0x0000000085580000, 0x00000000d5580000)
  object space 87552K, 7% used [0x0000000080000000,0x000000008063cf80,0x0000000085580000)
 Metaspace       used 17757K, capacity 18372K, committed 18560K, reserved 1064960K
  class space    used 2429K, capacity 2628K, committed 2688K, reserved 1048576K
}
Event: 17.338 GC heap before
{Heap before GC invocations=6 (full 0):
 PSYoungGen      total 37888K, used 37856K [0x00000000d5580000, 0x00000000d8880000, 0x0000000100000000)
  eden space 32768K, 100% used [0x00000000d5580000,0x00000000d7580000,0x00000000d7580000)
  from space 5120K, 99% used [0x00000000d7600000,0x00000000d7af8040,0x00000000d7b00000)
  to   space 9728K, 0% used [0x00000000d7f00000,0x00000000d7f00000,0x00000000d8880000)
 ParOldGen       total 87552K, used 6387K [0x0000000080000000, 0x0000000085580000, 0x00000000d5580000)
  object space 87552K, 7% used [0x0000000080000000,0x000000008063cf80,0x0000000085580000)
 Metaspace       used 20537K, capacity 21192K, committed 21248K, reserved 1067008K
  class space    used 2859K, capacity 3044K, committed 3072K, reserved 1048576K
Event: 17.365 GC heap after
Heap after GC invocations=6 (full 0):
 PSYoungGen      total 41472K, used 8497K [0x00000000d5580000, 0x00000000d8a00000, 0x0000000100000000)
  eden space 31744K, 0% used [0x00000000d5580000,0x00000000d5580000,0x00000000d7480000)
  from space 9728K, 87% used [0x00000000d7f00000,0x00000000d874c4f8,0x00000000d8880000)
  to   space 10752K, 0% used [0x00000000d7480000,0x00000000d7480000,0x00000000d7f00000)
 ParOldGen       total 87552K, used 6387K [0x0000000080000000, 0x0000000085580000, 0x00000000d5580000)
  object space 87552K, 7% used [0x0000000080000000,0x000000008063cf80,0x0000000085580000)
 Metaspace       used 20537K, capacity 21192K, committed 21248K, reserved 1067008K
  class space    used 2859K, capacity 3044K, committed 3072K, reserved 1048576K
}
Event: 17.365 GC heap before
{Heap before GC invocations=7 (full 1):
 PSYoungGen      total 41472K, used 8497K [0x00000000d5580000, 0x00000000d8a00000, 0x0000000100000000)
  eden space 31744K, 0% used [0x00000000d5580000,0x00000000d5580000,0x00000000d7480000)
  from space 9728K, 87% used [0x00000000d7f00000,0x00000000d874c4f8,0x00000000d8880000)
  to   space 10752K, 0% used [0x00000000d7480000,0x00000000d7480000,0x00000000d7f00000)
 ParOldGen       total 87552K, used 6387K [0x0000000080000000, 0x0000000085580000, 0x00000000d5580000)
  object space 87552K, 7% used [0x0000000080000000,0x000000008063cf80,0x0000000085580000)
 Metaspace       used 20537K, capacity 21192K, committed 21248K, reserved 1067008K
  class space    used 2859K, capacity 3044K, committed 3072K, reserved 1048576K
Event: 17.458 GC heap after
Heap after GC invocations=7 (full 1):
 PSYoungGen      total 41472K, used 0K [0x00000000d5580000, 0x00000000d8a00000, 0x0000000100000000)
  eden space 31744K, 0% used [0x00000000d5580000,0x00000000d5580000,0x00000000d7480000)
  from space 9728K, 0% used [0x00000000d7f00000,0x00000000d7f00000,0x00000000d8880000)
  to   space 10752K, 0% used [0x00000000d7480000,0x00000000d7480000,0x00000000d7f00000)
 ParOldGen       total 60928K, used 9046K [0x0000000080000000, 0x0000000083b80000, 0x00000000d5580000)
  object space 60928K, 14% used [0x0000000080000000,0x00000000808d5840,0x0000000083b80000)
 Metaspace       used 20537K, capacity 21192K, committed 21248K, reserved 1067008K
  class space    used 2859K, capacity 3044K, committed 3072K, reserved 1048576K
}

